  hellovr_opengl_main.cpp
C:\Program Files (x86)\Windows Kits\10\Include\10.0.10150.0\ucrt\math.h(1001): warning C4005: “M_PI”: 宏重定义
  c:\vr\sdl\include\SDL_stdinc.h(440): note: 参见“M_PI”的前一个定义
C:\VR\opencv\include\opencv2/core/mat.hpp(2586): warning C4819: 该文件包含不能在当前代码页(936)中表示的字符。请将该文件保存为 Unicode 格式以防止数据丢失
C:\VR\opencv\include\opencv2/core/persistence.hpp : warning C4819: 该文件包含不能在当前代码页(936)中表示的字符。请将该文件保存为 Unicode 格式以防止数据丢失
C:\VR\opencv\include\opencv2/core/utility.hpp : warning C4819: 该文件包含不能在当前代码页(936)中表示的字符。请将该文件保存为 Unicode 格式以防止数据丢失
C:\VR\opencv\include\opencv2/core/utility.hpp : warning C4819: 该文件包含不能在当前代码页(936)中表示的字符。请将该文件保存为 Unicode 格式以防止数据丢失
C:\VR\opencv\include\opencv2/imgproc.hpp(592): warning C4819: 该文件包含不能在当前代码页(936)中表示的字符。请将该文件保存为 Unicode 格式以防止数据丢失
c:\vr\ffmpeg-x64-new\include\libavutil\rational.h : warning C4819: 该文件包含不能在当前代码页(936)中表示的字符。请将该文件保存为 Unicode 格式以防止数据丢失
hellovr_opengl_main.cpp(12): warning C4996: 'avpicture_fill': 被声明为已否决
  C:\VR\ffmpeg-x64-new\include\libavcodec/avcodec.h(5419): note: 参见“avpicture_fill”的声明
hellovr_opengl_main.cpp(660): warning C4267: “+=”: 从“size_t”转换到“int”，可能丢失数据
hellovr_opengl_main.cpp(675): warning C4267: “+=”: 从“size_t”转换到“int”，可能丢失数据
hellovr_opengl_main.cpp(745): warning C4554: “&”: 检查运算符优先级可能存在的错误；使用圆括号阐明优先级
hellovr_opengl_main.cpp(746): warning C4804: “<”: 在操作中使用类型“bool”不安全
hellovr_opengl_main.cpp(747): warning C4554: “&”: 检查运算符优先级可能存在的错误；使用圆括号阐明优先级
hellovr_opengl_main.cpp(749): warning C4554: “&”: 检查运算符优先级可能存在的错误；使用圆括号阐明优先级
hellovr_opengl_main.cpp(750): warning C4554: “&”: 检查运算符优先级可能存在的错误；使用圆括号阐明优先级
hellovr_opengl_main.cpp(751): warning C4554: “&”: 检查运算符优先级可能存在的错误；使用圆括号阐明优先级
hellovr_opengl_main.cpp(752): warning C4554: “&”: 检查运算符优先级可能存在的错误；使用圆括号阐明优先级
hellovr_opengl_main.cpp(753): warning C4554: “&”: 检查运算符优先级可能存在的错误；使用圆括号阐明优先级
hellovr_opengl_main.cpp(754): warning C4554: “&”: 检查运算符优先级可能存在的错误；使用圆括号阐明优先级
hellovr_opengl_main.cpp(755): warning C4554: “&”: 检查运算符优先级可能存在的错误；使用圆括号阐明优先级
hellovr_opengl_main.cpp(757): warning C4554: “&”: 检查运算符优先级可能存在的错误；使用圆括号阐明优先级
hellovr_opengl_main.cpp(758): warning C4554: “&”: 检查运算符优先级可能存在的错误；使用圆括号阐明优先级
hellovr_opengl_main.cpp(759): warning C4554: “&”: 检查运算符优先级可能存在的错误；使用圆括号阐明优先级
hellovr_opengl_main.cpp(760): warning C4554: “&”: 检查运算符优先级可能存在的错误；使用圆括号阐明优先级
hellovr_opengl_main.cpp(761): warning C4554: “&”: 检查运算符优先级可能存在的错误；使用圆括号阐明优先级
hellovr_opengl_main.cpp(762): warning C4554: “&”: 检查运算符优先级可能存在的错误；使用圆括号阐明优先级
hellovr_opengl_main.cpp(763): warning C4554: “&”: 检查运算符优先级可能存在的错误；使用圆括号阐明优先级
hellovr_opengl_main.cpp(764): warning C4554: “&”: 检查运算符优先级可能存在的错误；使用圆括号阐明优先级
hellovr_opengl_main.cpp(765): warning C4554: “&”: 检查运算符优先级可能存在的错误；使用圆括号阐明优先级
hellovr_opengl_main.cpp(766): warning C4554: “&”: 检查运算符优先级可能存在的错误；使用圆括号阐明优先级
hellovr_opengl_main.cpp(767): warning C4554: “&”: 检查运算符优先级可能存在的错误；使用圆括号阐明优先级
hellovr_opengl_main.cpp(768): warning C4554: “&”: 检查运算符优先级可能存在的错误；使用圆括号阐明优先级
hellovr_opengl_main.cpp(769): warning C4554: “&”: 检查运算符优先级可能存在的错误；使用圆括号阐明优先级
hellovr_opengl_main.cpp(771): warning C4554: “&”: 检查运算符优先级可能存在的错误；使用圆括号阐明优先级
hellovr_opengl_main.cpp(772): warning C4554: “&”: 检查运算符优先级可能存在的错误；使用圆括号阐明优先级
hellovr_opengl_main.cpp(773): warning C4554: “&”: 检查运算符优先级可能存在的错误；使用圆括号阐明优先级
hellovr_opengl_main.cpp(774): warning C4554: “&”: 检查运算符优先级可能存在的错误；使用圆括号阐明优先级
hellovr_opengl_main.cpp(775): warning C4554: “&”: 检查运算符优先级可能存在的错误；使用圆括号阐明优先级
hellovr_opengl_main.cpp(776): warning C4554: “&”: 检查运算符优先级可能存在的错误；使用圆括号阐明优先级
hellovr_opengl_main.cpp(777): warning C4554: “&”: 检查运算符优先级可能存在的错误；使用圆括号阐明优先级
hellovr_opengl_main.cpp(779): warning C4554: “&”: 检查运算符优先级可能存在的错误；使用圆括号阐明优先级
hellovr_opengl_main.cpp(780): warning C4554: “&”: 检查运算符优先级可能存在的错误；使用圆括号阐明优先级
hellovr_opengl_main.cpp(1018): warning C4554: “|”: 检查运算符优先级可能存在的错误；使用圆括号阐明优先级
hellovr_opengl_main.cpp(1010): warning C4996: 'sprintf': This function or variable may be unsafe. Consider using sprintf_s instead. To disable deprecation, use _CRT_SECURE_NO_WARNINGS. See online help for details.
  C:\Program Files (x86)\Windows Kits\10\Include\10.0.10150.0\ucrt\stdio.h(1769): note: 参见“sprintf”的声明
hellovr_opengl_main.cpp(1093): warning C4996: 'stricmp': The POSIX name for this item is deprecated. Instead, use the ISO C and C++ conformant name: _stricmp. See online help for details.
  C:\Program Files (x86)\Windows Kits\10\Include\10.0.10150.0\ucrt\string.h(568): note: 参见“stricmp”的声明
hellovr_opengl_main.cpp(1097): warning C4996: 'stricmp': The POSIX name for this item is deprecated. Instead, use the ISO C and C++ conformant name: _stricmp. See online help for details.
  C:\Program Files (x86)\Windows Kits\10\Include\10.0.10150.0\ucrt\string.h(568): note: 参见“stricmp”的声明
hellovr_opengl_main.cpp(1101): warning C4996: 'stricmp': The POSIX name for this item is deprecated. Instead, use the ISO C and C++ conformant name: _stricmp. See online help for details.
  C:\Program Files (x86)\Windows Kits\10\Include\10.0.10150.0\ucrt\string.h(568): note: 参见“stricmp”的声明
hellovr_opengl_main.cpp(1105): warning C4996: 'stricmp': The POSIX name for this item is deprecated. Instead, use the ISO C and C++ conformant name: _stricmp. See online help for details.
  C:\Program Files (x86)\Windows Kits\10\Include\10.0.10150.0\ucrt\string.h(568): note: 参见“stricmp”的声明
hellovr_opengl_main.cpp(1109): warning C4996: 'stricmp': The POSIX name for this item is deprecated. Instead, use the ISO C and C++ conformant name: _stricmp. See online help for details.
  C:\Program Files (x86)\Windows Kits\10\Include\10.0.10150.0\ucrt\string.h(568): note: 参见“stricmp”的声明
hellovr_opengl_main.cpp(1113): warning C4996: 'stricmp': The POSIX name for this item is deprecated. Instead, use the ISO C and C++ conformant name: _stricmp. See online help for details.
  C:\Program Files (x86)\Windows Kits\10\Include\10.0.10150.0\ucrt\string.h(568): note: 参见“stricmp”的声明
hellovr_opengl_main.cpp(1626): warning C4267: “=”: 从“size_t”转换到“unsigned int”，可能丢失数据
hellovr_opengl_main.cpp(1986): warning C4996: 'stricmp': The POSIX name for this item is deprecated. Instead, use the ISO C and C++ conformant name: _stricmp. See online help for details.
  C:\Program Files (x86)\Windows Kits\10\Include\10.0.10150.0\ucrt\string.h(568): note: 参见“stricmp”的声明
  正在生成代码
  0 of 702 functions ( 0.0%) were compiled, the rest were copied from previous compilation.
    0 functions were new in current compilation
    0 functions had inline decision re-evaluated but remain unchanged
  已完成代码的生成
  VRPlayer.vcxproj -> C:\Users\cic-vr\Documents\Visual Studio 2015\Projects\VRPlayer\x64\Release\VRPlayer.exe
  copy "C:\Program Files\NVIDIA GPU Computing Toolkit\CUDA\v8.0\bin\cudart*.dll" "C:\Users\cic-vr\Documents\Visual Studio 2015\Projects\VRPlayer\x64\Release\"
  C:\Program Files\NVIDIA GPU Computing Toolkit\CUDA\v8.0\bin\cudart32_80.dll
  C:\Program Files\NVIDIA GPU Computing Toolkit\CUDA\v8.0\bin\cudart64_80.dll
  已复制         2 个文件。
