c:\users\cic-vr\documents\visual studio 2015\projects\vrplayer\vrplayer\x64\debug\vc140.pdb
c:\users\cic-vr\documents\visual studio 2015\projects\vrplayer\vrplayer\x64\debug\vc140.idb
c:\users\cic-vr\documents\visual studio 2015\projects\vrplayer\vrplayer\x64\debug\hellovr_opengl_main.obj
c:\users\cic-vr\documents\visual studio 2015\projects\vrplayer\vrplayer\x64\debug\lodepng.obj
c:\users\cic-vr\documents\visual studio 2015\projects\vrplayer\vrplayer\x64\debug\matrices.obj
c:\users\cic-vr\documents\visual studio 2015\projects\vrplayer\vrplayer\x64\debug\pathtools.obj
c:\users\cic-vr\documents\visual studio 2015\projects\vrplayer\vrplayer\x64\debug\pyramid_rotation.obj
c:\users\cic-vr\documents\visual studio 2015\projects\vrplayer\vrplayer\x64\debug\rtpreceiver.obj
c:\users\cic-vr\documents\visual studio 2015\projects\vrplayer\vrplayer\x64\debug\strtools.obj
c:\users\cic-vr\documents\visual studio 2015\projects\vrplayer\vrplayer\x64\debug\cuda.cu.cache
c:\users\cic-vr\documents\visual studio 2015\projects\vrplayer\vrplayer\x64\debug\cuda.cu.obj
c:\users\cic-vr\documents\visual studio 2015\projects\vrplayer\x64\debug\vrplayer.pdb
c:\users\cic-vr\documents\visual studio 2015\projects\vrplayer\vrplayer\x64\debug\vrplayer.tlog\cl.command.1.tlog
c:\users\cic-vr\documents\visual studio 2015\projects\vrplayer\vrplayer\x64\debug\vrplayer.tlog\cl.read.1.tlog
c:\users\cic-vr\documents\visual studio 2015\projects\vrplayer\vrplayer\x64\debug\vrplayer.tlog\cl.write.1.tlog
c:\users\cic-vr\documents\visual studio 2015\projects\vrplayer\vrplayer\x64\debug\vrplayer.tlog\link-cvtres.read.1.tlog
c:\users\cic-vr\documents\visual studio 2015\projects\vrplayer\vrplayer\x64\debug\vrplayer.tlog\link-cvtres.write.1.tlog
c:\users\cic-vr\documents\visual studio 2015\projects\vrplayer\vrplayer\x64\debug\vrplayer.tlog\link-rc.read.1.tlog
c:\users\cic-vr\documents\visual studio 2015\projects\vrplayer\vrplayer\x64\debug\vrplayer.tlog\link-rc.write.1.tlog
c:\users\cic-vr\documents\visual studio 2015\projects\vrplayer\vrplayer\x64\debug\vrplayer.tlog\link.command.1.tlog
c:\users\cic-vr\documents\visual studio 2015\projects\vrplayer\vrplayer\x64\debug\vrplayer.tlog\link.read.1.tlog
c:\users\cic-vr\documents\visual studio 2015\projects\vrplayer\vrplayer\x64\debug\vrplayer.tlog\link.write.1.tlog
